#
# There is insufficient memory for the Java Runtime Environment to continue.
# Native memory allocation (mmap) failed to map 266338304 bytes for Failed to commit area from 0x0000000702800000 to 0x0000000712600000 of length 266338304.
# Possible reasons:
#   The system is out of physical RAM or swap space
#   The process is running with CompressedOops enabled, and the Java Heap may be blocking the growth of the native heap
# Possible solutions:
#   Reduce memory load on the system
#   Increase physical memory or swap space
#   Check if swap backing store is full
#   Decrease Java heap size (-Xmx/-Xms)
#   Decrease number of Java threads
#   Decrease Java thread stack sizes (-Xss)
#   Set larger code cache with -XX:ReservedCodeCacheSize=
#   JVM is running with Zero Based Compressed Oops mode in which the Java heap is
#     placed in the first 32GB address space. The Java Heap base address is the
#     maximum limit for the native heap growth. Please use -XX:HeapBaseMinAddress
#     to set the Java Heap base and to place the Java Heap above 32GB virtual address.
# This output file may be truncated or incomplete.
#
#  Out of Memory Error (./open/src/hotspot/os/windows/os_windows.cpp:3315), pid=26552, tid=11348
#
# JRE version:  (14.0.2+12) (build )
# Java VM: Java HotSpot(TM) 64-Bit Server VM (14.0.2+12-46, mixed mode, sharing, tiered, compressed oops, g1 gc, windows-amd64)
# No core dump will be written. Minidumps are not enabled by default on client versions of Windows
#

---------------  S U M M A R Y ------------

Command Line: --module-path=C:\Users\Matheus Chaves\Documents\NetBeansProjects\2020-02-PS\edu\pssim\ProjetoTestescene\target\classes;C:\Users\Matheus Chaves\.m2\repository\org\openjfx\javafx-base\13\javafx-base-13-win.jar;C:\Users\Matheus Chaves\.m2\repository\org\openjfx\javafx-controls\13\javafx-controls-13-win.jar;C:\Users\Matheus Chaves\.m2\repository\org\openjfx\javafx-fxml\13\javafx-fxml-13-win.jar;C:\Users\Matheus Chaves\.m2\repository\org\openjfx\javafx-graphics\13\javafx-graphics-13-win.jar --add-modules=com.ps.projetotestescene -Djdk.module.main=com.ps.projetotestescene com.ps.projetotestescene/com.ps.projetotestescene.App

Host: Intel(R) Core(TM) i7-9750H CPU @ 2.60GHz, 12 cores, 15G,  Windows 10 , 64 bit Build 18362 (10.0.18362.1110)
Time: Fri Nov  6 13:43:43 2020 Hora oficial do Brasil elapsed time: 0 seconds (0d 0h 0m 0s)

---------------  T H R E A D  ---------------

Current thread (0x0000026253e64800):  JavaThread "Unknown thread" [_thread_in_vm, id=11348, stack(0x0000007562c00000,0x0000007562d00000)]

Stack: [0x0000007562c00000,0x0000007562d00000]
Native frames: (J=compiled Java code, j=interpreted, Vv=VM code, C=native code)
V  [jvm.dll+0x5f8a9a]
V  [jvm.dll+0x74247a]
V  [jvm.dll+0x743c2f]
V  [jvm.dll+0x744273]
V  [jvm.dll+0x20d288]
V  [jvm.dll+0x5f5dea]
V  [jvm.dll+0x5eac45]
V  [jvm.dll+0x2c7e9c]
V  [jvm.dll+0x2c7cd2]
V  [jvm.dll+0x2cdbbc]
V  [jvm.dll+0x313fe8]
V  [jvm.dll+0x313710]
V  [jvm.dll+0x2a092a]
V  [jvm.dll+0x2a1a79]
V  [jvm.dll+0x71fd48]
V  [jvm.dll+0x321c14]
V  [jvm.dll+0x70112c]
V  [jvm.dll+0x392def]
V  [jvm.dll+0x394e61]
C  [jli.dll+0x524b]
C  [ucrtbase.dll+0x210b2]
C  [KERNEL32.DLL+0x17c24]
C  [ntdll.dll+0x6cea1]


---------------  P R O C E S S  ---------------

Threads class SMR info:
_java_thread_list=0x00007ff992333038, length=0, elements={
}

Java Threads: ( => current thread )

Other Threads:
  0x0000026253ecd800 GCTaskThread "GC Thread#0" [stack: 0x0000007562d00000,0x0000007562e00000] [id=18412]
  0x0000026253eee800 ConcurrentGCThread "G1 Main Marker" [stack: 0x0000007562e00000,0x0000007562f00000] [id=4656]
  0x0000026253ef1000 ConcurrentGCThread "G1 Conc#0" [stack: 0x0000007562f00000,0x0000007563000000] [id=3464]

[error occurred during error reporting (printing all threads), id 0xc0000005, EXCEPTION_ACCESS_VIOLATION (0xc0000005) at pc=0x00007ff991b61257]

VM state:not at safepoint (not fully initialized)

VM Mutex/Monitor currently owned by a thread:  ([mutex/lock_event])
[0x0000026253e616d0] Heap_lock - owner thread: 0x0000026253e64800

Heap address: 0x0000000702800000, size: 4056 MB, Compressed Oops mode: Zero based, Oop shift amount: 3
Narrow klass base: 0x0000000000000000, Narrow klass shift: 0

GC Heap History (0 events):
No events

Deoptimization events (0 events):
No events

Classes unloaded (0 events):
No events

Classes redefined (0 events):
No events

Internal exceptions (0 events):
No events

Events (2 events):
Event: 0.005 Loaded shared library C:\Program Files\Java\jdk-14.0.2\bin\java.dll
Event: 0.005 Loaded shared library C:\Program Files\Java\jdk-14.0.2\bin\zip.dll


Dynamic libraries:
0x00007ff76de10000 - 0x00007ff76de1f000 	C:\Program Files\Java\jdk-14.0.2\bin\java.exe
0x00007ff9f30e0000 - 0x00007ff9f32d0000 	C:\WINDOWS\SYSTEM32\ntdll.dll
0x00007ff9f2ac0000 - 0x00007ff9f2b72000 	C:\WINDOWS\System32\KERNEL32.DLL
0x00007ff9f0180000 - 0x00007ff9f0425000 	C:\WINDOWS\System32\KERNELBASE.dll
0x00007ff9f0430000 - 0x00007ff9f052a000 	C:\WINDOWS\System32\ucrtbase.dll
0x00007ff9e8560000 - 0x00007ff9e8575000 	C:\Program Files\Java\jdk-14.0.2\bin\VCRUNTIME140.dll
0x00007ff9d5830000 - 0x00007ff9d5848000 	C:\Program Files\Java\jdk-14.0.2\bin\jli.dll
0x00007ff9f1b70000 - 0x00007ff9f1c13000 	C:\WINDOWS\System32\ADVAPI32.dll
0x00007ff9f2d80000 - 0x00007ff9f2e1e000 	C:\WINDOWS\System32\msvcrt.dll
0x00007ff9f2b80000 - 0x00007ff9f2c17000 	C:\WINDOWS\System32\sechost.dll
0x00007ff9f2e20000 - 0x00007ff9f2f40000 	C:\WINDOWS\System32\RPCRT4.dll
0x00007ff9f12a0000 - 0x00007ff9f1434000 	C:\WINDOWS\System32\USER32.dll
0x00007ff9f1100000 - 0x00007ff9f1121000 	C:\WINDOWS\System32\win32u.dll
0x00007ff9dd5b0000 - 0x00007ff9dd834000 	C:\WINDOWS\WinSxS\amd64_microsoft.windows.common-controls_6595b64144ccf1df_6.0.18362.1139_none_9e7bf2d3e4605ac6\COMCTL32.dll
0x00007ff9f2a90000 - 0x00007ff9f2ab6000 	C:\WINDOWS\System32\GDI32.dll
0x00007ff9f0660000 - 0x00007ff9f07f6000 	C:\WINDOWS\System32\gdi32full.dll
0x00007ff9f17b0000 - 0x00007ff9f1ae5000 	C:\WINDOWS\System32\combase.dll
0x00007ff9f1150000 - 0x00007ff9f11ee000 	C:\WINDOWS\System32\msvcp_win.dll
0x00007ff9f0530000 - 0x00007ff9f05b0000 	C:\WINDOWS\System32\bcryptPrimitives.dll
0x00007ff9e97d0000 - 0x00007ff9e97da000 	C:\WINDOWS\SYSTEM32\VERSION.dll
0x00007ff9f11f0000 - 0x00007ff9f121e000 	C:\WINDOWS\System32\IMM32.DLL
0x00007ff9c2840000 - 0x00007ff9c28db000 	C:\Program Files\Java\jdk-14.0.2\bin\msvcp140.dll
0x00007ff9918b0000 - 0x00007ff9923ce000 	C:\Program Files\Java\jdk-14.0.2\bin\server\jvm.dll
0x00007ff9f1440000 - 0x00007ff9f1448000 	C:\WINDOWS\System32\PSAPI.DLL
0x00007ff9ebc40000 - 0x00007ff9ebc64000 	C:\WINDOWS\SYSTEM32\WINMM.dll
0x00007ff9dbbf0000 - 0x00007ff9dbbf9000 	C:\WINDOWS\SYSTEM32\WSOCK32.dll
0x00007ff9f2a20000 - 0x00007ff9f2a8f000 	C:\WINDOWS\System32\WS2_32.dll
0x00007ff9ebc10000 - 0x00007ff9ebc3d000 	C:\WINDOWS\SYSTEM32\WINMMBASE.dll
0x00007ff9f05b0000 - 0x00007ff9f05fa000 	C:\WINDOWS\System32\cfgmgr32.dll
0x00007ff9f0040000 - 0x00007ff9f0051000 	C:\WINDOWS\System32\kernel.appcore.dll
0x00007ff9ecd30000 - 0x00007ff9ecd3a000 	C:\Program Files\Java\jdk-14.0.2\bin\jimage.dll
0x00007ff9d8220000 - 0x00007ff9d8414000 	C:\WINDOWS\SYSTEM32\DBGHELP.DLL
0x00007ff9d8cf0000 - 0x00007ff9d8d1a000 	C:\WINDOWS\SYSTEM32\dbgcore.DLL
0x00007ff9dfb20000 - 0x00007ff9dfb45000 	C:\Program Files\Java\jdk-14.0.2\bin\java.dll
0x00007ff9e8540000 - 0x00007ff9e8556000 	C:\Program Files\Java\jdk-14.0.2\bin\zip.dll

dbghelp: loaded successfully - version: 4.0.5 - missing functions: none
symbol engine: initialized successfully - sym options: 0x614 - pdb path: .;C:\Program Files\Java\jdk-14.0.2\bin;C:\WINDOWS\SYSTEM32;C:\WINDOWS\WinSxS\amd64_microsoft.windows.common-controls_6595b64144ccf1df_6.0.18362.1139_none_9e7bf2d3e4605ac6;C:\Program Files\Java\jdk-14.0.2\bin\server

VM Arguments:
jvm_args: --module-path=C:\Users\Matheus Chaves\Documents\NetBeansProjects\2020-02-PS\edu\pssim\ProjetoTestescene\target\classes;C:\Users\Matheus Chaves\.m2\repository\org\openjfx\javafx-base\13\javafx-base-13-win.jar;C:\Users\Matheus Chaves\.m2\repository\org\openjfx\javafx-controls\13\javafx-controls-13-win.jar;C:\Users\Matheus Chaves\.m2\repository\org\openjfx\javafx-fxml\13\javafx-fxml-13-win.jar;C:\Users\Matheus Chaves\.m2\repository\org\openjfx\javafx-graphics\13\javafx-graphics-13-win.jar --add-modules=com.ps.projetotestescene -Djdk.module.main=com.ps.projetotestescene 
java_command: com.ps.projetotestescene/com.ps.projetotestescene.App
java_class_path (initial): C:\Users\Matheus Chaves\Documents\NetBeansProjects\2020-02-PS\edu\pssim\ProjetoTestescene\target\classes;C:\Users\Matheus Chaves\.m2\repository\com\google\code\findbugs\jsr305\2.0.1\jsr305-2.0.1.jar;C:\Users\Matheus Chaves\.m2\repository\com\google\collections\google-collections\1.0\google-collections-1.0.jar;C:\Users\Matheus Chaves\.m2\repository\commons-httpclient\commons-httpclient\2.0.2\commons-httpclient-2.0.2.jar;C:\Users\Matheus Chaves\.m2\repository\commons-logging\commons-logging\1.0.4\commons-logging-1.0.4.jar;C:\Users\Matheus Chaves\.m2\repository\commons-logging\commons-logging-api\1.1\commons-logging-api-1.1.jar;C:\Users\Matheus Chaves\.m2\repository\de\zeigermann\xml\xml-im-exporter\1.1\xml-im-exporter-1.1.jar;C:\Users\Matheus Chaves\.m2\repository\junit\junit\3.8.2\junit-3.8.2.jar;C:\Users\Matheus Chaves\.m2\repository\log4j\log4j\1.2.12\log4j-1.2.12.jar;C:\Users\Matheus Chaves\.m2\repository\org\apache\maven\maven-artifact\2.0.9\maven-artifact-2.0.9.jar;C:\Users\Matheus Chaves\.m2\repository\org\apache\maven\maven-artifact-manager\2.0.9\maven-artifact-manager-2.0.9.jar;C:\Users\Matheus Chaves\.m2\repository\org\apache\maven\maven-core\2.0.9\maven-core-2.0.9.jar;C:\Users\Matheus Chaves\.m2\repository\org\apache\maven\maven-error-diagnostics\2.0.9\maven-error-diagnostics-2.0.9.jar;C:\Users\Matheus Chaves\.m2\repository\org\apache\maven\maven-model\2.0.9\maven-model-2.0.9.jar;C:\Users\Matheus Chaves\.m2\repository\org\apache\maven\maven-monitor\2.0.9\maven-monitor-2.0.9.jar;C:\Users\Matheus Chaves\.m2\repository\org\apache\maven\maven-plugin-api\2.0.9\maven-plugin-api-2.0.9.jar;C:\Users\Matheus Chaves\.m2\repository\org\apache\maven\maven-plugin-descriptor\2.0.9\maven-plugin-descriptor-2.0.9.jar;C:\Users\Matheus Chaves\.m2\repository\org\apache\maven\maven-plugin-parameter-documenter\2.0.9\maven-plugin-parameter-documenter-2.0.9.jar;C:\Users\Matheus Chaves\.m2\repository\org\apache\maven\maven-plugin-registry\2.0.9\maven-plu
Launcher Type: SUN_STANDARD

[Global flags]
     intx CICompilerCount                          = 4                                         {product} {ergonomic}
     uint ConcGCThreads                            = 3                                         {product} {ergonomic}
     uint G1ConcRefinementThreads                  = 10                                        {product} {ergonomic}
   size_t G1HeapRegionSize                         = 1048576                                   {product} {ergonomic}
    uintx GCDrainStackTargetSize                   = 64                                        {product} {ergonomic}
   size_t InitialHeapSize                          = 266338304                                 {product} {ergonomic}
   size_t MarkStackSize                            = 4194304                                   {product} {ergonomic}
   size_t MaxHeapSize                              = 4253024256                                {product} {ergonomic}
   size_t MinHeapDeltaBytes                        = 1048576                                   {product} {ergonomic}
   size_t MinHeapSize                              = 8388608                                   {product} {ergonomic}
    uintx NonNMethodCodeHeapSize                   = 5839372                                {pd product} {ergonomic}
    uintx NonProfiledCodeHeapSize                  = 122909434                              {pd product} {ergonomic}
    uintx ProfiledCodeHeapSize                     = 122909434                              {pd product} {ergonomic}
    uintx ReservedCodeCacheSize                    = 251658240                              {pd product} {ergonomic}
     bool SegmentedCodeCache                       = true                                      {product} {ergonomic}
   size_t SoftMaxHeapSize                          = 4253024256                             {manageable} {ergonomic}
     bool UseCompressedClassPointers               = true                                 {lp64_product} {ergonomic}
     bool UseCompressedOops                        = true                                 {lp64_product} {ergonomic}
     bool UseG1GC                                  = true                                      {product} {ergonomic}
     bool UseLargePagesIndividualAllocation        = false                                  {pd product} {ergonomic}

Logging:
Log output configuration:
 #0: stdout all=warning uptime,level,tags
 #1: stderr all=off uptime,level,tags

Environment Variables:
JAVA_HOME=C:\Program Files\Java\jdk-14.0.2
CLASSPATH=.;
PATH=C:\Program Files\Common Files\Oracle\Java\javapath;C:\Program Files (x86)\Common Files\Oracle\Java\javapath;C:\Python38\Scripts\;C:\Python38\;C:\Python27\;C:\Python27\Scripts;C:\Windows\system32;C:\Windows;C:\Windows\System32\Wbem;C:\Windows\System32\WindowsPowerShell\v1.0\;C:\ProgramData\chocolatey\bin;C:\Program Files\nodejs\;C:\Program Files\Java\jdk1.8.0_211\bin;C:\Program Files\NVIDIA Corporation\NVIDIA NvDLISR;C:\WINDOWS\system32;C:\WINDOWS;C:\WINDOWS\System32\Wbem;C:\WINDOWS\System32\WindowsPowerShell\v1.0\;C:\WINDOWS\System32\OpenSSH\;C:\Program Files (x86)\NVIDIA Corporation\PhysX\Common;C:\Program Files\Git\cmd;C:\Program Files\Docker\Docker\resources\bin;C:\ProgramData\DockerDesktop\version-bin;C:\Program Files\Apache\maven\bin;C:\Users\Matheus Chaves\AppData\Roaming\npm;F:\Progamas\Microsoft VS Code\bin;C:\Users\Matheus Chaves\AppData\Local\Microsoft\WindowsApps;C:\Users\Matheus Chaves\AppData\Local\Android\Sdk\platform-tools;C:\Users\Matheus Chaves\AppData\Local\atom\bin
USERNAME=Matheus Chaves
OS=Windows_NT
PROCESSOR_IDENTIFIER=Intel64 Family 6 Model 158 Stepping 10, GenuineIntel



---------------  S Y S T E M  ---------------

OS: Windows 10 , 64 bit Build 18362 (10.0.18362.1110)
OS uptime: 12 days 1:13 hours
HyperV virtualization detected

CPU:total 12 (initial active 12) (6 cores per cpu, 2 threads per core) family 6 model 158 stepping 10, cmov, cx8, fxsr, mmx, sse, sse2, sse3, ssse3, sse4.1, sse4.2, popcnt, avx, avx2, aes, clmul, erms, 3dnowpref, lzcnt, ht, tsc, tscinvbit, bmi1, bmi2, adx, fma

Memory: 4k page, system-wide physical 16221M (3156M free)
TotalPageFile size 26720M (AvailPageFile size 191M)
current process WorkingSet (physical memory assigned to process): 10M, peak: 10M
current process commit charge ("private bytes"): 65M, peak: 319M

vm_info: Java HotSpot(TM) 64-Bit Server VM (14.0.2+12-46) for windows-amd64 JRE (14.0.2+12-46), built on Jul  9 2020 00:35:52 by "mach5one" with MS VC++ 15.9 (VS2017)

END.
